2011/10/27 22:58:01 [error] [exception.CDbException] could not find driver
2011/10/27 22:58:01 [error] [exception.CDbException] exception 'CDbException' with message 'CDbConnection failed to open the DB connection.' in /var/www/openhelp/htdocs/yii-1.1.8.r3324/framework/db/CDbConnection.php:370
Stack trace:
#0 /var/www/openhelp/htdocs/yii-1.1.8.r3324/framework/db/CDbConnection.php(313): CDbConnection->open()
#1 /var/www/openhelp/htdocs/yii-1.1.8.r3324/framework/db/CDbConnection.php(291): CDbConnection->setActive(true)
#2 /var/www/openhelp/htdocs/yii-1.1.8.r3324/framework/base/CModule.php(372): CDbConnection->init()
#3 /var/www/openhelp/htdocs/yii-1.1.8.r3324/framework/base/CApplication.php(429): CModule->getComponent('db')
#4 /var/www/openhelp/htdocs/yii-1.1.8.r3324/framework/db/ar/CActiveRecord.php(609): CApplication->getDb()
#5 /var/www/openhelp/htdocs/yii-1.1.8.r3324/framework/db/ar/CActiveRecord.php(2275): CActiveRecord->getDbConnection()
#6 /var/www/openhelp/htdocs/yii-1.1.8.r3324/framework/db/ar/CActiveRecord.php(372): CActiveRecordMetaData->__construct(Object(Post))
#7 /var/www/openhelp/htdocs/yii-1.1.8.r3324/framework/web/CActiveDataProvider.php(72): CActiveRecord::model('Post')
#8 /var/www/openhelp/htdocs/yii-1.1.8.r3324/demos/blog/protected/controllers/PostController.php(132): CActiveDataProvider->__construct('Post', Array)
#9 /var/www/openhelp/htdocs/yii-1.1.8.r3324/framework/web/actions/CInlineAction.php(50): PostController->actionIndex()
#10 /var/www/openhelp/htdocs/yii-1.1.8.r3324/framework/web/CController.php(300): CInlineAction->runWithParams(Array)
#11 /var/www/openhelp/htdocs/yii-1.1.8.r3324/framework/web/filters/CFilterChain.php(134): CController->runAction(Object(CInlineAction))
#12 /var/www/openhelp/htdocs/yii-1.1.8.r3324/framework/web/filters/CFilter.php(41): CFilterChain->run()
#13 /var/www/openhelp/htdocs/yii-1.1.8.r3324/framework/web/CController.php(1144): CFilter->filter(Object(CFilterChain))
#14 /var/www/openhelp/htdocs/yii-1.1.8.r3324/framework/web/filters/CInlineFilter.php(59): CController->filterAccessControl(Object(CFilterChain))
#15 /var/www/openhelp/htdocs/yii-1.1.8.r3324/framework/web/filters/CFilterChain.php(131): CInlineFilter->filter(Object(CFilterChain))
#16 /var/www/openhelp/htdocs/yii-1.1.8.r3324/framework/web/CController.php(283): CFilterChain->run()
#17 /var/www/openhelp/htdocs/yii-1.1.8.r3324/framework/web/CController.php(257): CController->runActionWithFilters(Object(CInlineAction), Array)
#18 /var/www/openhelp/htdocs/yii-1.1.8.r3324/framework/web/CWebApplication.php(277): CController->run('')
#19 /var/www/openhelp/htdocs/yii-1.1.8.r3324/framework/web/CWebApplication.php(136): CWebApplication->runController('')
#20 /var/www/openhelp/htdocs/yii-1.1.8.r3324/framework/base/CApplication.php(158): CWebApplication->processRequest()
#21 /var/www/openhelp/htdocs/yii-1.1.8.r3324/demos/blog/index.php(11): CApplication->run()
#22 {main} REQUEST_URI=/yii-1.1.8.r3324/demos/blog/
2011/10/27 22:58:07 [error] [exception.CDbException] could not find driver
2011/10/27 22:58:07 [error] [exception.CDbException] exception 'CDbException' with message 'CDbConnection failed to open the DB connection.' in /var/www/openhelp/htdocs/yii-1.1.8.r3324/framework/db/CDbConnection.php:370
Stack trace:
#0 /var/www/openhelp/htdocs/yii-1.1.8.r3324/framework/db/CDbConnection.php(313): CDbConnection->open()
#1 /var/www/openhelp/htdocs/yii-1.1.8.r3324/framework/db/CDbConnection.php(291): CDbConnection->setActive(true)
#2 /var/www/openhelp/htdocs/yii-1.1.8.r3324/framework/base/CModule.php(372): CDbConnection->init()
#3 /var/www/openhelp/htdocs/yii-1.1.8.r3324/framework/base/CApplication.php(429): CModule->getComponent('db')
#4 /var/www/openhelp/htdocs/yii-1.1.8.r3324/framework/db/ar/CActiveRecord.php(609): CApplication->getDb()
#5 /var/www/openhelp/htdocs/yii-1.1.8.r3324/framework/db/ar/CActiveRecord.php(2275): CActiveRecord->getDbConnection()
#6 /var/www/openhelp/htdocs/yii-1.1.8.r3324/framework/db/ar/CActiveRecord.php(372): CActiveRecordMetaData->__construct(Object(User))
#7 /var/www/openhelp/htdocs/yii-1.1.8.r3324/demos/blog/protected/models/User.php(21): CActiveRecord::model('User')
#8 /var/www/openhelp/htdocs/yii-1.1.8.r3324/demos/blog/protected/components/UserIdentity.php(18): User::model()
#9 /var/www/openhelp/htdocs/yii-1.1.8.r3324/demos/blog/protected/models/LoginForm.php(50): UserIdentity->authenticate()
#10 /var/www/openhelp/htdocs/yii-1.1.8.r3324/framework/validators/CInlineValidator.php(39): LoginForm->authenticate('password', Array)
#11 /var/www/openhelp/htdocs/yii-1.1.8.r3324/framework/validators/CValidator.php(192): CInlineValidator->validateAttribute(Object(LoginForm), 'password')
#12 /var/www/openhelp/htdocs/yii-1.1.8.r3324/framework/base/CModel.php(152): CValidator->validate(Object(LoginForm), NULL)
#13 /var/www/openhelp/htdocs/yii-1.1.8.r3324/framework/web/widgets/CActiveForm.php(746): CModel->validate(NULL)
#14 /var/www/openhelp/htdocs/yii-1.1.8.r3324/demos/blog/protected/controllers/SiteController.php(70): CActiveForm::validate(Object(LoginForm))
#15 /var/www/openhelp/htdocs/yii-1.1.8.r3324/framework/web/actions/CInlineAction.php(50): SiteController->actionLogin()
#16 /var/www/openhelp/htdocs/yii-1.1.8.r3324/framework/web/CController.php(300): CInlineAction->runWithParams(Array)
#17 /var/www/openhelp/htdocs/yii-1.1.8.r3324/framework/web/CController.php(278): CController->runAction(Object(CInlineAction))
#18 /var/www/openhelp/htdocs/yii-1.1.8.r3324/framework/web/CController.php(257): CController->runActionWithFilters(Object(CInlineAction), Array)
#19 /var/www/openhelp/htdocs/yii-1.1.8.r3324/framework/web/CWebApplication.php(277): CController->run('login')
#20 /var/www/openhelp/htdocs/yii-1.1.8.r3324/framework/web/CWebApplication.php(136): CWebApplication->runController('site/login')
#21 /var/www/openhelp/htdocs/yii-1.1.8.r3324/framework/base/CApplication.php(158): CWebApplication->processRequest()
#22 /var/www/openhelp/htdocs/yii-1.1.8.r3324/demos/blog/index.php(11): CApplication->run()
#23 {main} REQUEST_URI=/yii-1.1.8.r3324/demos/blog/index.php/site/login
2011/10/27 22:58:08 [error] [exception.CDbException] could not find driver
2011/10/27 22:58:08 [error] [exception.CDbException] exception 'CDbException' with message 'CDbConnection failed to open the DB connection.' in /var/www/openhelp/htdocs/yii-1.1.8.r3324/framework/db/CDbConnection.php:370
Stack trace:
#0 /var/www/openhelp/htdocs/yii-1.1.8.r3324/framework/db/CDbConnection.php(313): CDbConnection->open()
#1 /var/www/openhelp/htdocs/yii-1.1.8.r3324/framework/db/CDbConnection.php(291): CDbConnection->setActive(true)
#2 /var/www/openhelp/htdocs/yii-1.1.8.r3324/framework/base/CModule.php(372): CDbConnection->init()
#3 /var/www/openhelp/htdocs/yii-1.1.8.r3324/framework/base/CApplication.php(429): CModule->getComponent('db')
#4 /var/www/openhelp/htdocs/yii-1.1.8.r3324/framework/db/ar/CActiveRecord.php(609): CApplication->getDb()
#5 /var/www/openhelp/htdocs/yii-1.1.8.r3324/framework/db/ar/CActiveRecord.php(2275): CActiveRecord->getDbConnection()
#6 /var/www/openhelp/htdocs/yii-1.1.8.r3324/framework/db/ar/CActiveRecord.php(372): CActiveRecordMetaData->__construct(Object(User))
#7 /var/www/openhelp/htdocs/yii-1.1.8.r3324/demos/blog/protected/models/User.php(21): CActiveRecord::model('User')
#8 /var/www/openhelp/htdocs/yii-1.1.8.r3324/demos/blog/protected/components/UserIdentity.php(18): User::model()
#9 /var/www/openhelp/htdocs/yii-1.1.8.r3324/demos/blog/protected/models/LoginForm.php(50): UserIdentity->authenticate()
#10 /var/www/openhelp/htdocs/yii-1.1.8.r3324/framework/validators/CInlineValidator.php(39): LoginForm->authenticate('password', Array)
#11 /var/www/openhelp/htdocs/yii-1.1.8.r3324/framework/validators/CValidator.php(192): CInlineValidator->validateAttribute(Object(LoginForm), 'password')
#12 /var/www/openhelp/htdocs/yii-1.1.8.r3324/framework/base/CModel.php(152): CValidator->validate(Object(LoginForm), NULL)
#13 /var/www/openhelp/htdocs/yii-1.1.8.r3324/demos/blog/protected/controllers/SiteController.php(79): CModel->validate()
#14 /var/www/openhelp/htdocs/yii-1.1.8.r3324/framework/web/actions/CInlineAction.php(50): SiteController->actionLogin()
#15 /var/www/openhelp/htdocs/yii-1.1.8.r3324/framework/web/CController.php(300): CInlineAction->runWithParams(Array)
#16 /var/www/openhelp/htdocs/yii-1.1.8.r3324/framework/web/CController.php(278): CController->runAction(Object(CInlineAction))
#17 /var/www/openhelp/htdocs/yii-1.1.8.r3324/framework/web/CController.php(257): CController->runActionWithFilters(Object(CInlineAction), Array)
#18 /var/www/openhelp/htdocs/yii-1.1.8.r3324/framework/web/CWebApplication.php(277): CController->run('login')
#19 /var/www/openhelp/htdocs/yii-1.1.8.r3324/framework/web/CWebApplication.php(136): CWebApplication->runController('site/login')
#20 /var/www/openhelp/htdocs/yii-1.1.8.r3324/framework/base/CApplication.php(158): CWebApplication->processRequest()
#21 /var/www/openhelp/htdocs/yii-1.1.8.r3324/demos/blog/index.php(11): CApplication->run()
#22 {main} REQUEST_URI=/yii-1.1.8.r3324/demos/blog/index.php/site/login
2011/10/27 22:58:10 [error] [exception.CDbException] could not find driver
2011/10/27 22:58:10 [error] [exception.CDbException] exception 'CDbException' with message 'CDbConnection failed to open the DB connection.' in /var/www/openhelp/htdocs/yii-1.1.8.r3324/framework/db/CDbConnection.php:370
Stack trace:
#0 /var/www/openhelp/htdocs/yii-1.1.8.r3324/framework/db/CDbConnection.php(313): CDbConnection->open()
#1 /var/www/openhelp/htdocs/yii-1.1.8.r3324/framework/db/CDbConnection.php(291): CDbConnection->setActive(true)
#2 /var/www/openhelp/htdocs/yii-1.1.8.r3324/framework/base/CModule.php(372): CDbConnection->init()
#3 /var/www/openhelp/htdocs/yii-1.1.8.r3324/framework/base/CApplication.php(429): CModule->getComponent('db')
#4 /var/www/openhelp/htdocs/yii-1.1.8.r3324/framework/db/ar/CActiveRecord.php(609): CApplication->getDb()
#5 /var/www/openhelp/htdocs/yii-1.1.8.r3324/framework/db/ar/CActiveRecord.php(2275): CActiveRecord->getDbConnection()
#6 /var/www/openhelp/htdocs/yii-1.1.8.r3324/framework/db/ar/CActiveRecord.php(372): CActiveRecordMetaData->__construct(Object(Post))
#7 /var/www/openhelp/htdocs/yii-1.1.8.r3324/framework/web/CActiveDataProvider.php(72): CActiveRecord::model('Post')
#8 /var/www/openhelp/htdocs/yii-1.1.8.r3324/demos/blog/protected/controllers/PostController.php(132): CActiveDataProvider->__construct('Post', Array)
#9 /var/www/openhelp/htdocs/yii-1.1.8.r3324/framework/web/actions/CInlineAction.php(50): PostController->actionIndex()
#10 /var/www/openhelp/htdocs/yii-1.1.8.r3324/framework/web/CController.php(300): CInlineAction->runWithParams(Array)
#11 /var/www/openhelp/htdocs/yii-1.1.8.r3324/framework/web/filters/CFilterChain.php(134): CController->runAction(Object(CInlineAction))
#12 /var/www/openhelp/htdocs/yii-1.1.8.r3324/framework/web/filters/CFilter.php(41): CFilterChain->run()
#13 /var/www/openhelp/htdocs/yii-1.1.8.r3324/framework/web/CController.php(1144): CFilter->filter(Object(CFilterChain))
#14 /var/www/openhelp/htdocs/yii-1.1.8.r3324/framework/web/filters/CInlineFilter.php(59): CController->filterAccessControl(Object(CFilterChain))
#15 /var/www/openhelp/htdocs/yii-1.1.8.r3324/framework/web/filters/CFilterChain.php(131): CInlineFilter->filter(Object(CFilterChain))
#16 /var/www/openhelp/htdocs/yii-1.1.8.r3324/framework/web/CController.php(283): CFilterChain->run()
#17 /var/www/openhelp/htdocs/yii-1.1.8.r3324/framework/web/CController.php(257): CController->runActionWithFilters(Object(CInlineAction), Array)
#18 /var/www/openhelp/htdocs/yii-1.1.8.r3324/framework/web/CWebApplication.php(277): CController->run('index')
#19 /var/www/openhelp/htdocs/yii-1.1.8.r3324/framework/web/CWebApplication.php(136): CWebApplication->runController('post/index')
#20 /var/www/openhelp/htdocs/yii-1.1.8.r3324/framework/base/CApplication.php(158): CWebApplication->processRequest()
#21 /var/www/openhelp/htdocs/yii-1.1.8.r3324/demos/blog/index.php(11): CApplication->run()
#22 {main} REQUEST_URI=/yii-1.1.8.r3324/demos/blog/index.php/post/index
2011/10/27 22:58:11 [error] [exception.CDbException] could not find driver
2011/10/27 22:58:11 [error] [exception.CDbException] exception 'CDbException' with message 'CDbConnection failed to open the DB connection.' in /var/www/openhelp/htdocs/yii-1.1.8.r3324/framework/db/CDbConnection.php:370
Stack trace:
#0 /var/www/openhelp/htdocs/yii-1.1.8.r3324/framework/db/CDbConnection.php(313): CDbConnection->open()
#1 /var/www/openhelp/htdocs/yii-1.1.8.r3324/framework/db/CDbConnection.php(291): CDbConnection->setActive(true)
#2 /var/www/openhelp/htdocs/yii-1.1.8.r3324/framework/base/CModule.php(372): CDbConnection->init()
#3 /var/www/openhelp/htdocs/yii-1.1.8.r3324/framework/base/CApplication.php(429): CModule->getComponent('db')
#4 /var/www/openhelp/htdocs/yii-1.1.8.r3324/framework/db/ar/CActiveRecord.php(609): CApplication->getDb()
#5 /var/www/openhelp/htdocs/yii-1.1.8.r3324/framework/db/ar/CActiveRecord.php(2275): CActiveRecord->getDbConnection()
#6 /var/www/openhelp/htdocs/yii-1.1.8.r3324/framework/db/ar/CActiveRecord.php(372): CActiveRecordMetaData->__construct(Object(Post))
#7 /var/www/openhelp/htdocs/yii-1.1.8.r3324/framework/web/CActiveDataProvider.php(72): CActiveRecord::model('Post')
#8 /var/www/openhelp/htdocs/yii-1.1.8.r3324/demos/blog/protected/controllers/PostController.php(132): CActiveDataProvider->__construct('Post', Array)
#9 /var/www/openhelp/htdocs/yii-1.1.8.r3324/framework/web/actions/CInlineAction.php(50): PostController->actionIndex()
#10 /var/www/openhelp/htdocs/yii-1.1.8.r3324/framework/web/CController.php(300): CInlineAction->runWithParams(Array)
#11 /var/www/openhelp/htdocs/yii-1.1.8.r3324/framework/web/filters/CFilterChain.php(134): CController->runAction(Object(CInlineAction))
#12 /var/www/openhelp/htdocs/yii-1.1.8.r3324/framework/web/filters/CFilter.php(41): CFilterChain->run()
#13 /var/www/openhelp/htdocs/yii-1.1.8.r3324/framework/web/CController.php(1144): CFilter->filter(Object(CFilterChain))
#14 /var/www/openhelp/htdocs/yii-1.1.8.r3324/framework/web/filters/CInlineFilter.php(59): CController->filterAccessControl(Object(CFilterChain))
#15 /var/www/openhelp/htdocs/yii-1.1.8.r3324/framework/web/filters/CFilterChain.php(131): CInlineFilter->filter(Object(CFilterChain))
#16 /var/www/openhelp/htdocs/yii-1.1.8.r3324/framework/web/CController.php(283): CFilterChain->run()
#17 /var/www/openhelp/htdocs/yii-1.1.8.r3324/framework/web/CController.php(257): CController->runActionWithFilters(Object(CInlineAction), Array)
#18 /var/www/openhelp/htdocs/yii-1.1.8.r3324/framework/web/CWebApplication.php(277): CController->run('index')
#19 /var/www/openhelp/htdocs/yii-1.1.8.r3324/framework/web/CWebApplication.php(136): CWebApplication->runController('post/index')
#20 /var/www/openhelp/htdocs/yii-1.1.8.r3324/framework/base/CApplication.php(158): CWebApplication->processRequest()
#21 /var/www/openhelp/htdocs/yii-1.1.8.r3324/demos/blog/index.php(11): CApplication->run()
#22 {main} REQUEST_URI=/yii-1.1.8.r3324/demos/blog/index.php/post/index
